<?xml version="1.0" encoding="UTF-8"?>
<testsuite name="su.nsk.iae.edtl.tests.EdtlParsingTest" tests="1" skipped="0" failures="1" errors="0" timestamp="2024-04-14T20:17:08" hostname="brandy.local" time="0.074">
  <properties/>
  <testcase name="loadModel()" classname="su.nsk.iae.edtl.tests.EdtlParsingTest" time="0.074">
    <failure message="org.opentest4j.AssertionFailedError: expected: not &lt;null&gt;" type="org.opentest4j.AssertionFailedError">org.opentest4j.AssertionFailedError: expected: not &lt;null&gt;
	at app//org.junit.jupiter.api.AssertionFailureBuilder.build(AssertionFailureBuilder.java:152)
	at app//org.junit.jupiter.api.AssertionFailureBuilder.buildAndThrow(AssertionFailureBuilder.java:132)
	at app//org.junit.jupiter.api.AssertNotNull.failNull(AssertNotNull.java:49)
	at app//org.junit.jupiter.api.AssertNotNull.assertNotNull(AssertNotNull.java:35)
	at app//org.junit.jupiter.api.AssertNotNull.assertNotNull(AssertNotNull.java:30)
	at app//org.junit.jupiter.api.Assertions.assertNotNull(Assertions.java:300)
	at app//su.nsk.iae.edtl.tests.EdtlParsingTest.loadModel(EdtlParsingTest.java:34)
	at java.base@21/java.lang.reflect.Method.invoke(Method.java:580)
	at java.base@21/java.util.ArrayList.forEach(ArrayList.java:1596)
	at java.base@21/java.util.ArrayList.forEach(ArrayList.java:1596)
</failure>
  </testcase>
  <system-out><![CDATA[]]></system-out>
  <system-err><![CDATA[]]></system-err>
</testsuite>
